2021-11-06 11:07:05.576  INFO 2067 --- [restartedMain] com.example.demo.MyAppApplication        : Starting MyAppApplication using Java 11.0.13 on nilay-HP-EliteBook-840-G3 with PID 2067 (/home/nilay/IdeaProjects/my-app/target/classes started by nilay in /home/nilay/IdeaProjects/my-app)
2021-11-06 11:07:05.577  INFO 2067 --- [restartedMain] com.example.demo.MyAppApplication        : No active profile set, falling back to default profiles: default
2021-11-06 11:07:05.767  INFO 2067 --- [restartedMain] .e.DevToolsPropertyDefaultsPostProcessor : Devtools property defaults active! Set 'spring.devtools.add-properties' to 'false' to disable
2021-11-06 11:07:05.770  INFO 2067 --- [restartedMain] .e.DevToolsPropertyDefaultsPostProcessor : For additional web related logging consider setting the 'logging.level.web' property to 'DEBUG'
2021-11-06 11:07:06.562  INFO 2067 --- [restartedMain] .s.d.r.c.RepositoryConfigurationDelegate : Bootstrapping Spring Data JPA repositories in DEFAULT mode.
2021-11-06 11:07:06.573  INFO 2067 --- [restartedMain] .s.d.r.c.RepositoryConfigurationDelegate : Finished Spring Data repository scanning in 5 ms. Found 0 JPA repository interfaces.
2021-11-06 11:07:07.096  INFO 2067 --- [restartedMain] o.s.b.w.embedded.tomcat.TomcatWebServer  : Tomcat initialized with port(s): 8081 (http)
2021-11-06 11:07:07.104  INFO 2067 --- [restartedMain] o.apache.catalina.core.StandardService   : Starting service [Tomcat]
2021-11-06 11:07:07.104  INFO 2067 --- [restartedMain] org.apache.catalina.core.StandardEngine  : Starting Servlet engine: [Apache Tomcat/9.0.54]
2021-11-06 11:07:07.159  INFO 2067 --- [restartedMain] o.a.c.c.C.[Tomcat].[localhost].[/]       : Initializing Spring embedded WebApplicationContext
2021-11-06 11:07:07.160  INFO 2067 --- [restartedMain] w.s.c.ServletWebServerApplicationContext : Root WebApplicationContext: initialization completed in 1388 ms
2021-11-06 11:07:07.193  INFO 2067 --- [restartedMain] com.zaxxer.hikari.HikariDataSource       : HikariPool-1 - Starting...
2021-11-06 11:07:07.294  INFO 2067 --- [restartedMain] com.zaxxer.hikari.HikariDataSource       : HikariPool-1 - Start completed.
2021-11-06 11:07:07.301  INFO 2067 --- [restartedMain] o.s.b.a.h2.H2ConsoleAutoConfiguration    : H2 console available at '/h2-console'. Database available at 'jdbc:h2:mem:testDB'
2021-11-06 11:07:07.480  INFO 2067 --- [restartedMain] o.hibernate.jpa.internal.util.LogHelper  : HHH000204: Processing PersistenceUnitInfo [name: default]
2021-11-06 11:07:07.523  INFO 2067 --- [restartedMain] org.hibernate.Version                    : HHH000412: Hibernate ORM core version 5.4.32.Final
2021-11-06 11:07:07.605  INFO 2067 --- [restartedMain] o.hibernate.annotations.common.Version   : HCANN000001: Hibernate Commons Annotations {5.1.2.Final}
2021-11-06 11:07:07.703  INFO 2067 --- [restartedMain] org.hibernate.dialect.Dialect            : HHH000400: Using dialect: org.hibernate.dialect.H2Dialect
2021-11-06 11:07:08.950  INFO 2067 --- [restartedMain] o.h.e.t.j.p.i.JtaPlatformInitiator       : HHH000490: Using JtaPlatform implementation: [org.hibernate.engine.transaction.jta.platform.internal.NoJtaPlatform]
2021-11-06 11:07:08.964  INFO 2067 --- [restartedMain] j.LocalContainerEntityManagerFactoryBean : Initialized JPA EntityManagerFactory for persistence unit 'default'
2021-11-06 11:07:09.203  WARN 2067 --- [restartedMain] JpaBaseConfiguration$JpaWebConfiguration : spring.jpa.open-in-view is enabled by default. Therefore, database queries may be performed during view rendering. Explicitly configure spring.jpa.open-in-view to disable this warning
2021-11-06 11:07:09.710  INFO 2067 --- [restartedMain] o.s.b.d.a.OptionalLiveReloadServer       : LiveReload server is running on port 35729
2021-11-06 11:07:09.748  INFO 2067 --- [restartedMain] o.s.b.w.embedded.tomcat.TomcatWebServer  : Tomcat started on port(s): 8081 (http) with context path ''
2021-11-06 11:07:09.766  INFO 2067 --- [restartedMain] com.example.demo.MyAppApplication        : Started MyAppApplication in 4.793 seconds (JVM running for 6.462)
2021-11-06 11:07:39.407  INFO 2067 --- [SpringApplicationShutdownHook] j.LocalContainerEntityManagerFactoryBean : Closing JPA EntityManagerFactory for persistence unit 'default'
2021-11-06 11:07:39.409  INFO 2067 --- [SpringApplicationShutdownHook] .SchemaDropperImpl$DelayedDropActionImpl : HHH000477: Starting delayed evictData of schema as part of SessionFactory shut-down'
2021-11-06 11:07:39.663  WARN 2067 --- [SpringApplicationShutdownHook] o.s.b.f.support.DisposableBeanAdapter    : Invocation of destroy method failed on bean with name 'inMemoryDatabaseShutdownExecutor': org.h2.jdbc.JdbcSQLNonTransientConnectionException: Database is already closed (to disable automatic closing at VM shutdown, add ";DB_CLOSE_ON_EXIT=FALSE" to the db URL) [90121-200]
2021-11-06 11:07:39.668  INFO 2067 --- [SpringApplicationShutdownHook] com.zaxxer.hikari.HikariDataSource       : HikariPool-1 - Shutdown initiated...
2021-11-06 11:07:39.693  INFO 2067 --- [SpringApplicationShutdownHook] com.zaxxer.hikari.HikariDataSource       : HikariPool-1 - Shutdown completed.
2021-11-06 11:16:47.276  INFO 2211 --- [restartedMain] com.example.demo.MyAppApplication        : Starting MyAppApplication using Java 11.0.13 on nilay-HP-EliteBook-840-G3 with PID 2211 (/home/nilay/IdeaProjects/my-app/target/classes started by nilay in /home/nilay/IdeaProjects/my-app)
2021-11-06 11:16:47.278  INFO 2211 --- [restartedMain] com.example.demo.MyAppApplication        : No active profile set, falling back to default profiles: default
2021-11-06 11:16:47.407  INFO 2211 --- [restartedMain] .e.DevToolsPropertyDefaultsPostProcessor : Devtools property defaults active! Set 'spring.devtools.add-properties' to 'false' to disable
2021-11-06 11:16:47.408  INFO 2211 --- [restartedMain] .e.DevToolsPropertyDefaultsPostProcessor : For additional web related logging consider setting the 'logging.level.web' property to 'DEBUG'
2021-11-06 11:16:48.111  INFO 2211 --- [restartedMain] .s.d.r.c.RepositoryConfigurationDelegate : Bootstrapping Spring Data JPA repositories in DEFAULT mode.
2021-11-06 11:16:48.125  INFO 2211 --- [restartedMain] .s.d.r.c.RepositoryConfigurationDelegate : Finished Spring Data repository scanning in 6 ms. Found 0 JPA repository interfaces.
2021-11-06 11:16:48.619  INFO 2211 --- [restartedMain] o.s.b.w.embedded.tomcat.TomcatWebServer  : Tomcat initialized with port(s): 8081 (http)
2021-11-06 11:16:48.627  INFO 2211 --- [restartedMain] o.apache.catalina.core.StandardService   : Starting service [Tomcat]
2021-11-06 11:16:48.627  INFO 2211 --- [restartedMain] org.apache.catalina.core.StandardEngine  : Starting Servlet engine: [Apache Tomcat/9.0.54]
2021-11-06 11:16:48.680  INFO 2211 --- [restartedMain] o.a.c.c.C.[Tomcat].[localhost].[/]       : Initializing Spring embedded WebApplicationContext
2021-11-06 11:16:48.680  INFO 2211 --- [restartedMain] w.s.c.ServletWebServerApplicationContext : Root WebApplicationContext: initialization completed in 1271 ms
2021-11-06 11:16:48.713  INFO 2211 --- [restartedMain] com.zaxxer.hikari.HikariDataSource       : HikariPool-1 - Starting...
2021-11-06 11:16:48.820  INFO 2211 --- [restartedMain] com.zaxxer.hikari.HikariDataSource       : HikariPool-1 - Start completed.
2021-11-06 11:16:48.830  INFO 2211 --- [restartedMain] o.s.b.a.h2.H2ConsoleAutoConfiguration    : H2 console available at '/h2-console'. Database available at 'jdbc:h2:mem:testDB'
2021-11-06 11:16:48.963  INFO 2211 --- [restartedMain] o.hibernate.jpa.internal.util.LogHelper  : HHH000204: Processing PersistenceUnitInfo [name: default]
2021-11-06 11:16:48.993  INFO 2211 --- [restartedMain] org.hibernate.Version                    : HHH000412: Hibernate ORM core version 5.4.32.Final
2021-11-06 11:16:49.074  INFO 2211 --- [restartedMain] o.hibernate.annotations.common.Version   : HCANN000001: Hibernate Commons Annotations {5.1.2.Final}
2021-11-06 11:16:49.148  INFO 2211 --- [restartedMain] org.hibernate.dialect.Dialect            : HHH000400: Using dialect: org.hibernate.dialect.H2Dialect
2021-11-06 11:16:49.544  INFO 2211 --- [restartedMain] o.h.e.t.j.p.i.JtaPlatformInitiator       : HHH000490: Using JtaPlatform implementation: [org.hibernate.engine.transaction.jta.platform.internal.NoJtaPlatform]
2021-11-06 11:16:49.550  INFO 2211 --- [restartedMain] j.LocalContainerEntityManagerFactoryBean : Initialized JPA EntityManagerFactory for persistence unit 'default'
2021-11-06 11:16:49.650  WARN 2211 --- [restartedMain] JpaBaseConfiguration$JpaWebConfiguration : spring.jpa.open-in-view is enabled by default. Therefore, database queries may be performed during view rendering. Explicitly configure spring.jpa.open-in-view to disable this warning
2021-11-06 11:16:49.946  INFO 2211 --- [restartedMain] o.s.b.d.a.OptionalLiveReloadServer       : LiveReload server is running on port 35729
2021-11-06 11:16:49.977  INFO 2211 --- [restartedMain] o.s.b.w.embedded.tomcat.TomcatWebServer  : Tomcat started on port(s): 8081 (http) with context path ''
2021-11-06 11:16:49.992  INFO 2211 --- [restartedMain] com.example.demo.MyAppApplication        : Started MyAppApplication in 3.474 seconds (JVM running for 4.681)
2021-11-06 11:18:25.900  INFO 2211 --- [http-nio-8081-exec-8] o.a.c.c.C.[Tomcat].[localhost].[/]       : Initializing Spring DispatcherServlet 'dispatcherServlet'
2021-11-06 11:18:25.901  INFO 2211 --- [http-nio-8081-exec-8] o.s.web.servlet.DispatcherServlet        : Initializing Servlet 'dispatcherServlet'
2021-11-06 11:18:25.904  INFO 2211 --- [http-nio-8081-exec-8] o.s.web.servlet.DispatcherServlet        : Completed initialization in 3 ms
2021-11-06 11:39:40.770  INFO 2211 --- [SpringApplicationShutdownHook] j.LocalContainerEntityManagerFactoryBean : Closing JPA EntityManagerFactory for persistence unit 'default'
2021-11-06 11:39:40.772  INFO 2211 --- [SpringApplicationShutdownHook] .SchemaDropperImpl$DelayedDropActionImpl : HHH000477: Starting delayed evictData of schema as part of SessionFactory shut-down'
2021-11-06 11:39:41.027  WARN 2211 --- [SpringApplicationShutdownHook] o.s.b.f.support.DisposableBeanAdapter    : Invocation of destroy method failed on bean with name 'inMemoryDatabaseShutdownExecutor': org.h2.jdbc.JdbcSQLNonTransientConnectionException: Database is already closed (to disable automatic closing at VM shutdown, add ";DB_CLOSE_ON_EXIT=FALSE" to the db URL) [90121-200]
2021-11-06 11:39:41.030  INFO 2211 --- [SpringApplicationShutdownHook] com.zaxxer.hikari.HikariDataSource       : HikariPool-1 - Shutdown initiated...
2021-11-06 11:39:41.079  INFO 2211 --- [SpringApplicationShutdownHook] com.zaxxer.hikari.HikariDataSource       : HikariPool-1 - Shutdown completed.
